<?xml version="1.0" encoding="utf-8"?>
<CoverageSession xmlns:xsi="http://www.w3.org/2001/XMLSchema-instance" xmlns:xsd="http://www.w3.org/2001/XMLSchema">
  <Modules>
    <Module skippedDueTo="Filter" hash="8D-09-99-2C-CA-7C-FB-60-18-FC-0D-7D-34-97-25-D6-FE-64-AB-B6">
      <FullName>C:\Windows\Microsoft.Net\assembly\GAC_32\mscorlib\v4.0_4.0.0.0__b77a5c561934e089\mscorlib.dll</FullName>
      <ModuleName>mscorlib</ModuleName>
      <Classes />
    </Module>
    <Module skippedDueTo="MissingPdb" hash="F2-88-6F-25-4E-20-75-4B-26-EB-92-FB-BB-B2-61-C4-AE-3C-02-C0">
      <FullName>C:\Program Files\SharpDevelop\4.4\bin\Tools\NUnit\nunit-console-x86.exe</FullName>
      <ModuleName>nunit-console</ModuleName>
      <Classes />
    </Module>
    <Module skippedDueTo="MissingPdb" hash="33-E1-CA-24-52-5A-B7-C7-C4-AF-91-2C-A9-4A-C0-37-67-0D-5B-FE">
      <FullName>C:\Program Files\SharpDevelop\4.4\bin\Tools\NUnit\lib\nunit.core.dll</FullName>
      <ModuleName>nunit.core</ModuleName>
      <Classes />
    </Module>
    <Module skippedDueTo="MissingPdb" hash="2A-C4-E5-DE-F3-EE-AD-84-E1-65-84-CC-15-90-76-96-E7-01-44-4E">
      <FullName>C:\Program Files\SharpDevelop\4.4\bin\Tools\NUnit\lib\nunit-console-runner.dll</FullName>
      <ModuleName>nunit-console-runner</ModuleName>
      <Classes />
    </Module>
    <Module skippedDueTo="MissingPdb" hash="74-74-F6-87-59-E1-5F-4F-5F-5E-6E-82-50-E8-E2-46-D4-86-15-76">
      <FullName>C:\Program Files\SharpDevelop\4.4\bin\Tools\NUnit\lib\nunit.util.dll</FullName>
      <ModuleName>nunit.util</ModuleName>
      <Classes />
    </Module>
    <Module skippedDueTo="MissingPdb" hash="D3-A4-4D-85-55-F7-CE-EF-A5-90-AA-EF-58-E0-9F-B6-CC-27-99-53">
      <FullName>C:\Program Files\SharpDevelop\4.4\bin\Tools\NUnit\lib\nunit.core.interfaces.dll</FullName>
      <ModuleName>nunit.core.interfaces</ModuleName>
      <Classes />
    </Module>
    <Module skippedDueTo="Filter" hash="9C-DB-95-DC-25-D5-38-7E-C2-3A-20-8F-14-5D-A9-56-2A-D7-00-E3">
      <FullName>C:\Windows\Microsoft.Net\assembly\GAC_MSIL\System.Configuration\v4.0_4.0.0.0__b03f5f7f11d50a3a\System.Configuration.dll</FullName>
      <ModuleName>System.Configuration</ModuleName>
      <Classes />
    </Module>
    <Module skippedDueTo="Filter" hash="10-12-A2-C6-A0-B8-51-63-D1-3A-89-CF-6B-26-F7-7D-C2-69-68-B0">
      <FullName>C:\Windows\Microsoft.Net\assembly\GAC_MSIL\System\v4.0_4.0.0.0__b77a5c561934e089\System.dll</FullName>
      <ModuleName>System</ModuleName>
      <Classes />
    </Module>
    <Module skippedDueTo="Filter" hash="CF-7C-5A-57-75-87-21-E0-D5-D9-A4-B6-6E-2E-33-17-9D-6C-8A-C2">
      <FullName>C:\Windows\Microsoft.Net\assembly\GAC_MSIL\System.Xml\v4.0_4.0.0.0__b77a5c561934e089\System.Xml.dll</FullName>
      <ModuleName>System.Xml</ModuleName>
      <Classes />
    </Module>
    <Module skippedDueTo="Filter" hash="0F-6F-F3-F5-1C-3A-A7-26-E2-D9-16-C9-A4-9C-AD-C3-B6-CA-24-A2">
      <FullName>C:\Windows\Microsoft.Net\assembly\GAC_MSIL\System.Runtime.Remoting\v4.0_4.0.0.0__b77a5c561934e089\System.Runtime.Remoting.dll</FullName>
      <ModuleName>System.Runtime.Remoting</ModuleName>
      <Classes />
    </Module>
    <Module skippedDueTo="MissingPdb" hash="33-E1-CA-24-52-5A-B7-C7-C4-AF-91-2C-A9-4A-C0-37-67-0D-5B-FE">
      <FullName>C:\Program Files\SharpDevelop\4.4\bin\Tools\NUnit\lib\nunit.core.dll</FullName>
      <ModuleName>nunit.core</ModuleName>
      <Classes />
    </Module>
    <Module skippedDueTo="Filter" hash="10-12-A2-C6-A0-B8-51-63-D1-3A-89-CF-6B-26-F7-7D-C2-69-68-B0">
      <FullName>C:\Windows\Microsoft.Net\assembly\GAC_MSIL\System\v4.0_4.0.0.0__b77a5c561934e089\System.dll</FullName>
      <ModuleName>System</ModuleName>
      <Classes />
    </Module>
    <Module skippedDueTo="Filter" hash="CF-7C-5A-57-75-87-21-E0-D5-D9-A4-B6-6E-2E-33-17-9D-6C-8A-C2">
      <FullName>C:\Windows\Microsoft.Net\assembly\GAC_MSIL\System.Xml\v4.0_4.0.0.0__b77a5c561934e089\System.Xml.dll</FullName>
      <ModuleName>System.Xml</ModuleName>
      <Classes />
    </Module>
    <Module skippedDueTo="MissingPdb" hash="D3-A4-4D-85-55-F7-CE-EF-A5-90-AA-EF-58-E0-9F-B6-CC-27-99-53">
      <FullName>C:\Program Files\SharpDevelop\4.4\bin\Tools\NUnit\lib\nunit.core.interfaces.dll</FullName>
      <ModuleName>nunit.core.interfaces</ModuleName>
      <Classes />
    </Module>
    <Module hash="1C-2C-E2-59-F7-3C-00-C4-8C-AF-50-EB-8A-E8-11-67-0A-87-F1-00">
      <FullName>C:\Users\Gerolkae\AppData\Local\Temp\nunit20\ShadowCopyCache\6572_635996278066276094\Tests_10938843\assembly\dl3\2c35c52a\346ff927_62b5d101\UnitTests VB.dll</FullName>
      <ModuleName>UnitTests VB</ModuleName>
      <Files>
        <File uid="1" fullPath="17d14f5c-a337-4978-8281-53493378c1071.vb" />
        <File uid="5" fullPath="E:\Net Source Code\Monkey System 2\UnitTests VB\NewClass.vb" />
      </Files>
      <Classes>
        <Class>
          <FullName>&lt;Module&gt;</FullName>
          <Methods />
        </Class>
        <Class>
          <FullName>UnitTests_VB.My.MyApplication</FullName>
          <Methods>
            <Method visited="false" cyclomaticComplexity="1" sequenceCoverage="0" branchCoverage="0" isConstructor="true" isStatic="false" isGetter="false" isSetter="false">
              <MetadataToken>100663297</MetadataToken>
              <Name>System.Void UnitTests_VB.My.MyApplication::.ctor()</Name>
              <SequencePoints />
              <BranchPoints />
              <MethodPoint vc="0" uspid="1" ordinal="0" offset="0" />
            </Method>
          </Methods>
        </Class>
        <Class>
          <FullName>UnitTests_VB.My.MyComputer</FullName>
          <Methods>
            <Method visited="false" cyclomaticComplexity="1" sequenceCoverage="0" branchCoverage="0" isConstructor="true" isStatic="false" isGetter="false" isSetter="false">
              <MetadataToken>100663298</MetadataToken>
              <Name>System.Void UnitTests_VB.My.MyComputer::.ctor()</Name>
              <FileRef uid="1" />
              <SequencePoints>
                <SequencePoint vc="0" uspid="2" ordinal="0" offset="0" sl="107" sc="9" el="107" ec="25" />
                <SequencePoint vc="0" uspid="3" ordinal="1" offset="1" sl="108" sc="13" el="108" ec="25" />
                <SequencePoint vc="0" uspid="4" ordinal="2" offset="8" sl="109" sc="9" el="109" ec="16" />
              </SequencePoints>
              <BranchPoints />
              <MethodPoint xsi:type="SequencePoint" vc="0" uspid="2" ordinal="0" offset="0" sl="107" sc="9" el="107" ec="25" />
            </Method>
          </Methods>
        </Class>
        <Class>
          <FullName>UnitTests_VB.My.MyProject</FullName>
          <Methods>
            <Method visited="false" cyclomaticComplexity="1" sequenceCoverage="0" branchCoverage="0" isConstructor="false" isStatic="true" isGetter="true" isSetter="false">
              <MetadataToken>100663300</MetadataToken>
              <Name>UnitTests_VB.My.MyComputer UnitTests_VB.My.MyProject::get_Computer()</Name>
              <FileRef uid="1" />
              <SequencePoints>
                <SequencePoint vc="0" uspid="5" ordinal="0" offset="0" sl="121" sc="13" el="121" ec="16" />
                <SequencePoint vc="0" uspid="6" ordinal="1" offset="1" sl="122" sc="17" el="122" ec="62" />
                <SequencePoint vc="0" uspid="7" ordinal="2" offset="14" sl="123" sc="13" el="123" ec="20" />
              </SequencePoints>
              <BranchPoints />
              <MethodPoint xsi:type="SequencePoint" vc="0" uspid="5" ordinal="0" offset="0" sl="121" sc="13" el="121" ec="16" />
            </Method>
            <Method visited="false" cyclomaticComplexity="1" sequenceCoverage="0" branchCoverage="0" isConstructor="false" isStatic="true" isGetter="true" isSetter="false">
              <MetadataToken>100663301</MetadataToken>
              <Name>UnitTests_VB.My.MyApplication UnitTests_VB.My.MyProject::get_Application()</Name>
              <FileRef uid="1" />
              <SequencePoints>
                <SequencePoint vc="0" uspid="8" ordinal="0" offset="0" sl="133" sc="13" el="133" ec="16" />
                <SequencePoint vc="0" uspid="9" ordinal="1" offset="1" sl="134" sc="17" el="134" ec="57" />
                <SequencePoint vc="0" uspid="10" ordinal="2" offset="14" sl="135" sc="13" el="135" ec="20" />
              </SequencePoints>
              <BranchPoints />
              <MethodPoint xsi:type="SequencePoint" vc="0" uspid="8" ordinal="0" offset="0" sl="133" sc="13" el="133" ec="16" />
            </Method>
            <Method visited="false" cyclomaticComplexity="1" sequenceCoverage="0" branchCoverage="0" isConstructor="false" isStatic="true" isGetter="true" isSetter="false">
              <MetadataToken>100663302</MetadataToken>
              <Name>Microsoft.VisualBasic.ApplicationServices.User UnitTests_VB.My.MyProject::get_User()</Name>
              <FileRef uid="1" />
              <SequencePoints>
                <SequencePoint vc="0" uspid="11" ordinal="0" offset="0" sl="144" sc="13" el="144" ec="16" />
                <SequencePoint vc="0" uspid="12" ordinal="1" offset="1" sl="145" sc="17" el="145" ec="58" />
                <SequencePoint vc="0" uspid="13" ordinal="2" offset="14" sl="146" sc="13" el="146" ec="20" />
              </SequencePoints>
              <BranchPoints />
              <MethodPoint xsi:type="SequencePoint" vc="0" uspid="11" ordinal="0" offset="0" sl="144" sc="13" el="144" ec="16" />
            </Method>
            <Method visited="false" cyclomaticComplexity="1" sequenceCoverage="0" branchCoverage="0" isConstructor="false" isStatic="true" isGetter="true" isSetter="false">
              <MetadataToken>100663303</MetadataToken>
              <Name>UnitTests_VB.My.MyProject/MyWebServices UnitTests_VB.My.MyProject::get_WebServices()</Name>
              <FileRef uid="1" />
              <SequencePoints>
                <SequencePoint vc="0" uspid="14" ordinal="0" offset="0" sl="237" sc="14" el="237" ec="17" />
                <SequencePoint vc="0" uspid="15" ordinal="1" offset="1" sl="238" sc="17" el="238" ec="67" />
                <SequencePoint vc="0" uspid="16" ordinal="2" offset="14" sl="239" sc="13" el="239" ec="20" />
              </SequencePoints>
              <BranchPoints />
              <MethodPoint xsi:type="SequencePoint" vc="0" uspid="14" ordinal="0" offset="0" sl="237" sc="14" el="237" ec="17" />
            </Method>
            <Method visited="false" cyclomaticComplexity="1" sequenceCoverage="0" branchCoverage="0" isConstructor="true" isStatic="true" isGetter="false" isSetter="false">
              <MetadataToken>100663299</MetadataToken>
              <Name>System.Void UnitTests_VB.My.MyProject::.cctor()</Name>
              <FileRef uid="1" />
              <SequencePoints>
                <SequencePoint vc="0" uspid="17" ordinal="0" offset="0" sl="126" sc="26" el="126" ec="50" />
                <SequencePoint vc="0" uspid="18" ordinal="1" offset="10" sl="137" sc="26" el="137" ec="45" />
                <SequencePoint vc="0" uspid="19" ordinal="2" offset="20" sl="148" sc="26" el="148" ec="46" />
                <SequencePoint vc="0" uspid="20" ordinal="3" offset="30" sl="284" sc="26" el="284" ec="55" />
              </SequencePoints>
              <BranchPoints />
              <MethodPoint xsi:type="SequencePoint" vc="0" uspid="17" ordinal="0" offset="0" sl="126" sc="26" el="126" ec="50" />
            </Method>
          </Methods>
        </Class>
        <Class>
          <FullName>UnitTests_VB.My.MyProject/MyWebServices</FullName>
          <Methods>
            <Method visited="false" cyclomaticComplexity="1" sequenceCoverage="0" branchCoverage="0" isConstructor="false" isStatic="false" isGetter="false" isSetter="false">
              <MetadataToken>100663304</MetadataToken>
              <Name>System.Boolean UnitTests_VB.My.MyProject/MyWebServices::Equals(System.Object)</Name>
              <FileRef uid="1" />
              <SequencePoints>
                <SequencePoint vc="0" uspid="21" ordinal="0" offset="0" sl="247" sc="13" el="247" ec="75" />
                <SequencePoint vc="0" uspid="22" ordinal="1" offset="1" sl="248" sc="17" el="248" ec="40" />
                <SequencePoint vc="0" uspid="23" ordinal="2" offset="16" sl="249" sc="13" el="249" ec="25" />
              </SequencePoints>
              <BranchPoints />
              <MethodPoint xsi:type="SequencePoint" vc="0" uspid="21" ordinal="0" offset="0" sl="247" sc="13" el="247" ec="75" />
            </Method>
            <Method visited="false" cyclomaticComplexity="1" sequenceCoverage="0" branchCoverage="0" isConstructor="false" isStatic="false" isGetter="false" isSetter="false">
              <MetadataToken>100663305</MetadataToken>
              <Name>System.Int32 UnitTests_VB.My.MyProject/MyWebServices::GetHashCode()</Name>
              <FileRef uid="1" />
              <SequencePoints>
                <SequencePoint vc="0" uspid="24" ordinal="0" offset="0" sl="251" sc="13" el="251" ec="63" />
                <SequencePoint vc="0" uspid="25" ordinal="1" offset="1" sl="252" sc="17" el="252" ec="42" />
                <SequencePoint vc="0" uspid="26" ordinal="2" offset="10" sl="253" sc="13" el="253" ec="25" />
              </SequencePoints>
              <BranchPoints />
              <MethodPoint xsi:type="SequencePoint" vc="0" uspid="24" ordinal="0" offset="0" sl="251" sc="13" el="251" ec="63" />
            </Method>
            <Method visited="false" cyclomaticComplexity="1" sequenceCoverage="0" branchCoverage="0" isConstructor="false" isStatic="false" isGetter="false" isSetter="false">
              <MetadataToken>100663306</MetadataToken>
              <Name>System.Type UnitTests_VB.My.MyProject/MyWebServices::GetType()</Name>
              <FileRef uid="1" />
              <SequencePoints>
                <SequencePoint vc="0" uspid="27" ordinal="0" offset="0" sl="255" sc="13" el="255" ec="72" />
                <SequencePoint vc="0" uspid="28" ordinal="1" offset="1" sl="256" sc="17" el="256" ec="46" />
                <SequencePoint vc="0" uspid="29" ordinal="2" offset="14" sl="257" sc="13" el="257" ec="25" />
              </SequencePoints>
              <BranchPoints />
              <MethodPoint xsi:type="SequencePoint" vc="0" uspid="27" ordinal="0" offset="0" sl="255" sc="13" el="255" ec="72" />
            </Method>
            <Method visited="false" cyclomaticComplexity="1" sequenceCoverage="0" branchCoverage="0" isConstructor="false" isStatic="false" isGetter="false" isSetter="false">
              <MetadataToken>100663307</MetadataToken>
              <Name>System.String UnitTests_VB.My.MyProject/MyWebServices::ToString()</Name>
              <FileRef uid="1" />
              <SequencePoints>
                <SequencePoint vc="0" uspid="30" ordinal="0" offset="0" sl="259" sc="13" el="259" ec="59" />
                <SequencePoint vc="0" uspid="31" ordinal="1" offset="1" sl="260" sc="17" el="260" ec="39" />
                <SequencePoint vc="0" uspid="32" ordinal="2" offset="10" sl="261" sc="13" el="261" ec="25" />
              </SequencePoints>
              <BranchPoints />
              <MethodPoint xsi:type="SequencePoint" vc="0" uspid="30" ordinal="0" offset="0" sl="259" sc="13" el="259" ec="59" />
            </Method>
            <Method visited="false" cyclomaticComplexity="2" sequenceCoverage="0" branchCoverage="0" isConstructor="false" isStatic="true" isGetter="false" isSetter="false">
              <MetadataToken>100663308</MetadataToken>
              <Name>T UnitTests_VB.My.MyProject/MyWebServices::Create__Instance__(T)</Name>
              <FileRef uid="1" />
              <SequencePoints>
                <SequencePoint vc="0" uspid="33" ordinal="0" offset="0" sl="264" sc="12" el="264" ec="95" />
                <SequencePoint vc="0" uspid="34" ordinal="1" offset="1" sl="265" sc="17" el="265" ec="44" />
                <SequencePoint vc="0" uspid="35" ordinal="2" offset="9" sl="266" sc="21" el="266" ec="35" />
                <SequencePoint vc="0" uspid="36" ordinal="3" offset="19" sl="267" sc="17" el="267" ec="21" />
                <SequencePoint vc="0" uspid="37" ordinal="4" offset="20" sl="268" sc="21" el="268" ec="36" />
                <SequencePoint vc="0" uspid="38" ordinal="5" offset="24" sl="269" sc="17" el="269" ec="23" />
                <SequencePoint vc="0" uspid="39" ordinal="6" offset="25" sl="270" sc="13" el="270" ec="25" />
              </SequencePoints>
              <BranchPoints>
                <BranchPoint vc="0" uspid="40" ordinal="0" offset="7" path="0" />
                <BranchPoint vc="0" uspid="41" ordinal="1" offset="7" path="1" />
              </BranchPoints>
              <MethodPoint xsi:type="SequencePoint" vc="0" uspid="33" ordinal="0" offset="0" sl="264" sc="12" el="264" ec="95" />
            </Method>
            <Method visited="false" cyclomaticComplexity="1" sequenceCoverage="0" branchCoverage="0" isConstructor="false" isStatic="false" isGetter="false" isSetter="false">
              <MetadataToken>100663309</MetadataToken>
              <Name>System.Void UnitTests_VB.My.MyProject/MyWebServices::Dispose__Instance__(T&amp;)</Name>
              <FileRef uid="1" />
              <SequencePoints>
                <SequencePoint vc="0" uspid="42" ordinal="0" offset="0" sl="273" sc="13" el="273" ec="71" />
                <SequencePoint vc="0" uspid="43" ordinal="1" offset="1" sl="274" sc="17" el="274" ec="35" />
                <SequencePoint vc="0" uspid="44" ordinal="2" offset="16" sl="275" sc="13" el="275" ec="20" />
              </SequencePoints>
              <BranchPoints />
              <MethodPoint xsi:type="SequencePoint" vc="0" uspid="42" ordinal="0" offset="0" sl="273" sc="13" el="273" ec="71" />
            </Method>
            <Method visited="false" cyclomaticComplexity="1" sequenceCoverage="0" branchCoverage="0" isConstructor="true" isStatic="false" isGetter="false" isSetter="false">
              <MetadataToken>100663310</MetadataToken>
              <Name>System.Void UnitTests_VB.My.MyProject/MyWebServices::.ctor()</Name>
              <FileRef uid="1" />
              <SequencePoints>
                <SequencePoint vc="0" uspid="45" ordinal="0" offset="0" sl="279" sc="13" el="279" ec="29" />
                <SequencePoint vc="0" uspid="46" ordinal="1" offset="1" sl="280" sc="16" el="280" ec="28" />
                <SequencePoint vc="0" uspid="47" ordinal="2" offset="8" sl="281" sc="13" el="281" ec="20" />
              </SequencePoints>
              <BranchPoints />
              <MethodPoint xsi:type="SequencePoint" vc="0" uspid="45" ordinal="0" offset="0" sl="279" sc="13" el="279" ec="29" />
            </Method>
          </Methods>
        </Class>
        <Class>
          <FullName>UnitTests_VB.My.MyProject/ThreadSafeObjectProvider`1</FullName>
          <Methods>
            <Method visited="false" cyclomaticComplexity="2" sequenceCoverage="0" branchCoverage="0" isConstructor="false" isStatic="false" isGetter="true" isSetter="false">
              <MetadataToken>100663311</MetadataToken>
              <Name>T UnitTests_VB.My.MyProject/ThreadSafeObjectProvider`1::get_GetInstance()</Name>
              <FileRef uid="1" />
              <SequencePoints>
                <SequencePoint vc="0" uspid="48" ordinal="0" offset="0" sl="331" sc="17" el="331" ec="20" />
                <SequencePoint vc="0" uspid="49" ordinal="1" offset="1" sl="332" sc="25" el="332" ec="53" />
                <SequencePoint vc="0" uspid="50" ordinal="2" offset="13" sl="333" sc="21" el="333" ec="45" />
                <SequencePoint vc="0" uspid="51" ordinal="3" offset="21" sl="334" sc="25" el="334" ec="38" />
                <SequencePoint vc="0" uspid="52" ordinal="4" offset="27" sl="335" sc="25" el="335" ec="50" />
                <SequencePoint vc="0" uspid="53" ordinal="5" offset="40" sl="336" sc="21" el="336" ec="27" />
                <SequencePoint vc="0" uspid="54" ordinal="6" offset="41" sl="337" sc="21" el="337" ec="33" />
                <SequencePoint vc="0" uspid="55" ordinal="7" offset="45" sl="338" sc="17" el="338" ec="24" />
              </SequencePoints>
              <BranchPoints>
                <BranchPoint vc="0" uspid="56" ordinal="0" offset="19" path="0" />
                <BranchPoint vc="0" uspid="57" ordinal="1" offset="19" path="1" />
              </BranchPoints>
              <MethodPoint xsi:type="SequencePoint" vc="0" uspid="48" ordinal="0" offset="0" sl="331" sc="17" el="331" ec="20" />
            </Method>
            <Method visited="false" cyclomaticComplexity="1" sequenceCoverage="0" branchCoverage="0" isConstructor="true" isStatic="false" isGetter="false" isSetter="false">
              <MetadataToken>100663312</MetadataToken>
              <Name>System.Void UnitTests_VB.My.MyProject/ThreadSafeObjectProvider`1::.ctor()</Name>
              <FileRef uid="1" />
              <SequencePoints>
                <SequencePoint vc="0" uspid="58" ordinal="0" offset="0" sl="350" sc="13" el="350" ec="29" />
                <SequencePoint vc="0" uspid="59" ordinal="1" offset="1" sl="351" sc="17" el="351" ec="29" />
                <SequencePoint vc="0" uspid="60" ordinal="2" offset="8" sl="355" sc="30" el="355" ec="39" />
                <SequencePoint vc="0" uspid="61" ordinal="3" offset="19" sl="352" sc="13" el="352" ec="20" />
              </SequencePoints>
              <BranchPoints />
              <MethodPoint xsi:type="SequencePoint" vc="0" uspid="58" ordinal="0" offset="0" sl="350" sc="13" el="350" ec="29" />
            </Method>
          </Methods>
        </Class>
        <Class>
          <FullName>UnitTests_VB.NUnit.Samples.AssertSyntaxTests</FullName>
          <Methods>
            <Method visited="true" cyclomaticComplexity="1" sequenceCoverage="0" branchCoverage="0" isConstructor="true" isStatic="false" isGetter="false" isSetter="false">
              <MetadataToken>100663313</MetadataToken>
              <Name>System.Void UnitTests_VB.NUnit.Samples.AssertSyntaxTests::.ctor()</Name>
              <SequencePoints />
              <BranchPoints />
              <MethodPoint vc="1" uspid="62" ordinal="0" offset="0" />
            </Method>
            <Method visited="true" cyclomaticComplexity="1" sequenceCoverage="100" branchCoverage="100" isConstructor="false" isStatic="false" isGetter="false" isSetter="false">
              <MetadataToken>100663314</MetadataToken>
              <Name>System.Void UnitTests_VB.NUnit.Samples.AssertSyntaxTests::IsNull()</Name>
              <FileRef uid="5" />
              <SequencePoints>
                <SequencePoint vc="1" uspid="63" ordinal="0" offset="0" sl="30" sc="9" el="30" ec="28" />
                <SequencePoint vc="1" uspid="64" ordinal="1" offset="1" sl="31" sc="17" el="31" ec="41" />
                <SequencePoint vc="1" uspid="65" ordinal="2" offset="3" sl="34" sc="13" el="34" ec="32" />
                <SequencePoint vc="1" uspid="66" ordinal="3" offset="15" sl="37" sc="13" el="37" ec="41" />
                <SequencePoint vc="1" uspid="67" ordinal="4" offset="32" sl="40" sc="13" el="40" ec="31" />
                <SequencePoint vc="1" uspid="68" ordinal="5" offset="50" sl="41" sc="9" el="41" ec="16" />
              </SequencePoints>
              <BranchPoints />
              <MethodPoint xsi:type="SequencePoint" vc="1" uspid="63" ordinal="0" offset="0" sl="30" sc="9" el="30" ec="28" />
            </Method>
            <Method visited="true" cyclomaticComplexity="1" sequenceCoverage="100" branchCoverage="100" isConstructor="false" isStatic="false" isGetter="false" isSetter="false">
              <MetadataToken>100663315</MetadataToken>
              <Name>System.Void UnitTests_VB.NUnit.Samples.AssertSyntaxTests::IsNotNull()</Name>
              <FileRef uid="5" />
              <SequencePoints>
                <SequencePoint vc="1" uspid="69" ordinal="0" offset="0" sl="45" sc="9" el="45" ec="31" />
                <SequencePoint vc="1" uspid="70" ordinal="1" offset="1" sl="47" sc="13" el="47" ec="33" />
                <SequencePoint vc="1" uspid="71" ordinal="2" offset="14" sl="50" sc="13" el="50" ec="43" />
                <SequencePoint vc="1" uspid="72" ordinal="3" offset="32" sl="53" sc="13" el="53" ec="38" />
                <SequencePoint vc="1" uspid="73" ordinal="4" offset="50" sl="54" sc="9" el="54" ec="16" />
              </SequencePoints>
              <BranchPoints />
              <MethodPoint xsi:type="SequencePoint" vc="1" uspid="69" ordinal="0" offset="0" sl="45" sc="9" el="45" ec="31" />
            </Method>
            <Method visited="true" cyclomaticComplexity="1" sequenceCoverage="100" branchCoverage="100" isConstructor="false" isStatic="false" isGetter="false" isSetter="false">
              <MetadataToken>100663316</MetadataToken>
              <Name>System.Void UnitTests_VB.NUnit.Samples.AssertSyntaxTests::IsTrue()</Name>
              <FileRef uid="5" />
              <SequencePoints>
                <SequencePoint vc="1" uspid="74" ordinal="0" offset="0" sl="57" sc="9" el="57" ec="28" />
                <SequencePoint vc="1" uspid="75" ordinal="1" offset="1" sl="59" sc="13" el="59" ec="37" />
                <SequencePoint vc="1" uspid="76" ordinal="2" offset="8" sl="62" sc="13" el="62" ec="46" />
                <SequencePoint vc="1" uspid="77" ordinal="3" offset="20" sl="63" sc="13" el="63" ec="35" />
                <SequencePoint vc="1" uspid="78" ordinal="4" offset="27" sl="66" sc="13" el="66" ec="36" />
                <SequencePoint vc="1" uspid="79" ordinal="5" offset="47" sl="67" sc="13" el="67" ec="30" />
                <SequencePoint vc="1" uspid="80" ordinal="6" offset="55" sl="68" sc="9" el="68" ec="16" />
              </SequencePoints>
              <BranchPoints />
              <MethodPoint xsi:type="SequencePoint" vc="1" uspid="74" ordinal="0" offset="0" sl="57" sc="9" el="57" ec="28" />
            </Method>
            <Method visited="true" cyclomaticComplexity="1" sequenceCoverage="100" branchCoverage="100" isConstructor="false" isStatic="false" isGetter="false" isSetter="false">
              <MetadataToken>100663317</MetadataToken>
              <Name>System.Void UnitTests_VB.NUnit.Samples.AssertSyntaxTests::IsFalse()</Name>
              <FileRef uid="5" />
              <SequencePoints>
                <SequencePoint vc="1" uspid="81" ordinal="0" offset="0" sl="71" sc="9" el="71" ec="29" />
                <SequencePoint vc="1" uspid="82" ordinal="1" offset="1" sl="73" sc="13" el="73" ec="38" />
                <SequencePoint vc="1" uspid="83" ordinal="2" offset="8" sl="76" sc="13" el="76" ec="47" />
                <SequencePoint vc="1" uspid="84" ordinal="3" offset="20" sl="79" sc="13" el="79" ec="39" />
                <SequencePoint vc="1" uspid="85" ordinal="4" offset="33" sl="80" sc="9" el="80" ec="16" />
              </SequencePoints>
              <BranchPoints />
              <MethodPoint xsi:type="SequencePoint" vc="1" uspid="81" ordinal="0" offset="0" sl="71" sc="9" el="71" ec="29" />
            </Method>
            <Method visited="true" cyclomaticComplexity="1" sequenceCoverage="100" branchCoverage="100" isConstructor="false" isStatic="false" isGetter="false" isSetter="false">
              <MetadataToken>100663318</MetadataToken>
              <Name>System.Void UnitTests_VB.NUnit.Samples.AssertSyntaxTests::IsNaN()</Name>
              <FileRef uid="5" />
              <SequencePoints>
                <SequencePoint vc="1" uspid="86" ordinal="0" offset="0" sl="83" sc="9" el="83" ec="27" />
                <SequencePoint vc="1" uspid="87" ordinal="1" offset="1" sl="84" sc="17" el="84" ec="41" />
                <SequencePoint vc="1" uspid="88" ordinal="2" offset="11" sl="85" sc="17" el="85" ec="41" />
                <SequencePoint vc="1" uspid="89" ordinal="3" offset="17" sl="88" sc="13" el="88" ec="28" />
                <SequencePoint vc="1" uspid="90" ordinal="4" offset="24" sl="89" sc="13" el="89" ec="28" />
                <SequencePoint vc="1" uspid="91" ordinal="5" offset="32" sl="92" sc="13" el="92" ec="37" />
                <SequencePoint vc="1" uspid="92" ordinal="6" offset="44" sl="93" sc="13" el="93" ec="37" />
                <SequencePoint vc="1" uspid="93" ordinal="7" offset="56" sl="96" sc="13" el="96" ec="27" />
                <SequencePoint vc="1" uspid="94" ordinal="8" offset="69" sl="97" sc="13" el="97" ec="27" />
                <SequencePoint vc="1" uspid="95" ordinal="9" offset="82" sl="98" sc="9" el="98" ec="16" />
              </SequencePoints>
              <BranchPoints />
              <MethodPoint xsi:type="SequencePoint" vc="1" uspid="86" ordinal="0" offset="0" sl="83" sc="9" el="83" ec="27" />
            </Method>
            <Method visited="true" cyclomaticComplexity="1" sequenceCoverage="100" branchCoverage="100" isConstructor="false" isStatic="false" isGetter="false" isSetter="false">
              <MetadataToken>100663319</MetadataToken>
              <Name>System.Void UnitTests_VB.NUnit.Samples.AssertSyntaxTests::EmptyStringTests()</Name>
              <FileRef uid="5" />
              <SequencePoints>
                <SequencePoint vc="1" uspid="96" ordinal="0" offset="0" sl="101" sc="9" el="101" ec="38" />
                <SequencePoint vc="1" uspid="97" ordinal="1" offset="1" sl="103" sc="13" el="103" ec="31" />
                <SequencePoint vc="1" uspid="98" ordinal="2" offset="12" sl="104" sc="13" el="104" ec="40" />
                <SequencePoint vc="1" uspid="99" ordinal="3" offset="23" sl="107" sc="13" el="107" ec="40" />
                <SequencePoint vc="1" uspid="100" ordinal="4" offset="39" sl="108" sc="13" el="108" ec="50" />
                <SequencePoint vc="1" uspid="101" ordinal="5" offset="60" sl="111" sc="13" el="111" ec="30" />
                <SequencePoint vc="1" uspid="102" ordinal="6" offset="77" sl="112" sc="13" el="112" ec="45" />
                <SequencePoint vc="1" uspid="103" ordinal="7" offset="98" sl="113" sc="9" el="113" ec="16" />
              </SequencePoints>
              <BranchPoints />
              <MethodPoint xsi:type="SequencePoint" vc="1" uspid="96" ordinal="0" offset="0" sl="101" sc="9" el="101" ec="38" />
            </Method>
            <Method visited="true" cyclomaticComplexity="1" sequenceCoverage="100" branchCoverage="100" isConstructor="false" isStatic="false" isGetter="false" isSetter="false">
              <MetadataToken>100663320</MetadataToken>
              <Name>System.Void UnitTests_VB.NUnit.Samples.AssertSyntaxTests::EmptyCollectionTests()</Name>
              <FileRef uid="5" />
              <SequencePoints>
                <SequencePoint vc="1" uspid="104" ordinal="0" offset="0" sl="116" sc="9" el="116" ec="42" />
                <SequencePoint vc="1" uspid="105" ordinal="1" offset="1" sl="118" sc="17" el="118" ec="58" />
                <SequencePoint vc="1" uspid="106" ordinal="2" offset="8" sl="119" sc="17" el="119" ec="64" />
                <SequencePoint vc="1" uspid="107" ordinal="3" offset="29" sl="122" sc="13" el="122" ec="38" />
                <SequencePoint vc="1" uspid="108" ordinal="4" offset="36" sl="123" sc="13" el="123" ec="40" />
                <SequencePoint vc="1" uspid="109" ordinal="5" offset="43" sl="126" sc="13" el="126" ec="47" />
                <SequencePoint vc="1" uspid="110" ordinal="6" offset="55" sl="127" sc="13" el="127" ec="50" />
                <SequencePoint vc="1" uspid="111" ordinal="7" offset="72" sl="130" sc="13" el="130" ec="37" />
                <SequencePoint vc="1" uspid="112" ordinal="8" offset="85" sl="131" sc="13" el="131" ec="45" />
                <SequencePoint vc="1" uspid="113" ordinal="9" offset="102" sl="132" sc="9" el="132" ec="16" />
              </SequencePoints>
              <BranchPoints />
              <MethodPoint xsi:type="SequencePoint" vc="1" uspid="104" ordinal="0" offset="0" sl="116" sc="9" el="116" ec="42" />
            </Method>
            <Method visited="true" cyclomaticComplexity="1" sequenceCoverage="100" branchCoverage="100" isConstructor="false" isStatic="false" isGetter="false" isSetter="false">
              <MetadataToken>100663321</MetadataToken>
              <Name>System.Void UnitTests_VB.NUnit.Samples.AssertSyntaxTests::ExactTypeTests()</Name>
              <FileRef uid="5" />
              <SequencePoints>
                <SequencePoint vc="1" uspid="114" ordinal="0" offset="0" sl="137" sc="9" el="137" ec="36" />
                <SequencePoint vc="1" uspid="115" ordinal="1" offset="1" sl="139" sc="13" el="139" ec="64" />
                <SequencePoint vc="1" uspid="116" ordinal="2" offset="27" sl="140" sc="13" el="140" ec="73" />
                <SequencePoint vc="1" uspid="117" ordinal="3" offset="53" sl="141" sc="13" el="141" ec="68" />
                <SequencePoint vc="1" uspid="118" ordinal="4" offset="79" sl="142" sc="13" el="142" ec="75" />
                <SequencePoint vc="1" uspid="119" ordinal="5" offset="105" sl="145" sc="13" el="145" ec="63" />
                <SequencePoint vc="1" uspid="120" ordinal="6" offset="131" sl="146" sc="13" el="146" ec="68" />
                <SequencePoint vc="1" uspid="121" ordinal="7" offset="162" sl="149" sc="13" el="149" ec="58" />
                <SequencePoint vc="1" uspid="122" ordinal="8" offset="188" sl="150" sc="13" el="150" ec="63" />
                <SequencePoint vc="1" uspid="123" ordinal="9" offset="219" sl="151" sc="9" el="151" ec="16" />
              </SequencePoints>
              <BranchPoints />
              <MethodPoint xsi:type="SequencePoint" vc="1" uspid="114" ordinal="0" offset="0" sl="137" sc="9" el="137" ec="36" />
            </Method>
            <Method visited="true" cyclomaticComplexity="1" sequenceCoverage="100" branchCoverage="100" isConstructor="false" isStatic="false" isGetter="false" isSetter="false">
              <MetadataToken>100663322</MetadataToken>
              <Name>System.Void UnitTests_VB.NUnit.Samples.AssertSyntaxTests::InstanceOfTests()</Name>
              <FileRef uid="5" />
              <SequencePoints>
                <SequencePoint vc="1" uspid="124" ordinal="0" offset="0" sl="154" sc="9" el="154" ec="37" />
                <SequencePoint vc="1" uspid="125" ordinal="1" offset="1" sl="156" sc="13" el="156" ec="58" />
                <SequencePoint vc="1" uspid="126" ordinal="2" offset="22" sl="157" sc="13" el="157" ec="55" />
                <SequencePoint vc="1" uspid="127" ordinal="3" offset="44" sl="160" sc="13" el="160" ec="67" />
                <SequencePoint vc="1" uspid="128" ordinal="4" offset="70" sl="161" sc="13" el="161" ec="65" />
                <SequencePoint vc="1" uspid="129" ordinal="5" offset="97" sl="164" sc="13" el="164" ec="57" />
                <SequencePoint vc="1" uspid="130" ordinal="6" offset="124" sl="165" sc="13" el="165" ec="60" />
                <SequencePoint vc="1" uspid="131" ordinal="7" offset="151" sl="166" sc="9" el="166" ec="16" />
              </SequencePoints>
              <BranchPoints />
              <MethodPoint xsi:type="SequencePoint" vc="1" uspid="124" ordinal="0" offset="0" sl="154" sc="9" el="154" ec="37" />
            </Method>
            <Method visited="true" cyclomaticComplexity="1" sequenceCoverage="100" branchCoverage="100" isConstructor="false" isStatic="false" isGetter="false" isSetter="false">
              <MetadataToken>100663323</MetadataToken>
              <Name>System.Void UnitTests_VB.NUnit.Samples.AssertSyntaxTests::AssignableFromTypeTests()</Name>
              <FileRef uid="5" />
              <SequencePoints>
                <SequencePoint vc="1" uspid="132" ordinal="0" offset="0" sl="169" sc="9" el="169" ec="45" />
                <SequencePoint vc="1" uspid="133" ordinal="1" offset="1" sl="171" sc="13" el="171" ec="62" />
                <SequencePoint vc="1" uspid="134" ordinal="2" offset="22" sl="172" sc="13" el="172" ec="59" />
                <SequencePoint vc="1" uspid="135" ordinal="3" offset="44" sl="175" sc="13" el="175" ec="71" />
                <SequencePoint vc="1" uspid="136" ordinal="4" offset="70" sl="176" sc="13" el="176" ec="69" />
                <SequencePoint vc="1" uspid="137" ordinal="5" offset="97" sl="179" sc="13" el="179" ec="61" />
                <SequencePoint vc="1" uspid="138" ordinal="6" offset="124" sl="180" sc="13" el="180" ec="64" />
                <SequencePoint vc="1" uspid="139" ordinal="7" offset="151" sl="181" sc="9" el="181" ec="16" />
              </SequencePoints>
              <BranchPoints />
              <MethodPoint xsi:type="SequencePoint" vc="1" uspid="132" ordinal="0" offset="0" sl="169" sc="9" el="169" ec="45" />
            </Method>
            <Method visited="true" cyclomaticComplexity="1" sequenceCoverage="100" branchCoverage="100" isConstructor="false" isStatic="false" isGetter="false" isSetter="false">
              <MetadataToken>100663324</MetadataToken>
              <Name>System.Void UnitTests_VB.NUnit.Samples.AssertSyntaxTests::SubstringTests()</Name>
              <FileRef uid="5" />
              <SequencePoints>
                <SequencePoint vc="1" uspid="140" ordinal="0" offset="0" sl="186" sc="9" el="186" ec="36" />
                <SequencePoint vc="1" uspid="141" ordinal="1" offset="1" sl="187" sc="17" el="187" ec="50" />
                <SequencePoint vc="1" uspid="142" ordinal="2" offset="7" sl="188" sc="17" el="188" ec="71" />
                <SequencePoint vc="1" uspid="143" ordinal="3" offset="43" sl="191" sc="13" el="191" ec="51" />
                <SequencePoint vc="1" uspid="144" ordinal="4" offset="55" sl="194" sc="13" el="194" ec="55" />
                <SequencePoint vc="1" uspid="145" ordinal="5" offset="72" sl="196" sc="13" el="196" ec="62" />
                <SequencePoint vc="1" uspid="146" ordinal="6" offset="94" sl="197" sc="13" el="197" ec="62" />
                <SequencePoint vc="1" uspid="147" ordinal="7" offset="117" sl="198" sc="13" el="198" ec="69" />
                <SequencePoint vc="1" uspid="148" ordinal="8" offset="144" sl="199" sc="13" el="199" ec="55" />
                <SequencePoint vc="1" uspid="149" ordinal="9" offset="166" sl="202" sc="13" el="202" ec="46" />
                <SequencePoint vc="1" uspid="150" ordinal="10" offset="184" sl="204" sc="13" el="204" ec="57" />
                <SequencePoint vc="1" uspid="151" ordinal="11" offset="206" sl="205" sc="13" el="205" ec="57" />
                <SequencePoint vc="1" uspid="152" ordinal="12" offset="229" sl="206" sc="13" el="206" ec="64" />
                <SequencePoint vc="1" uspid="153" ordinal="13" offset="256" sl="207" sc="13" el="207" ec="45" />
                <SequencePoint vc="1" uspid="154" ordinal="14" offset="279" sl="208" sc="9" el="208" ec="16" />
              </SequencePoints>
              <BranchPoints />
              <MethodPoint xsi:type="SequencePoint" vc="1" uspid="140" ordinal="0" offset="0" sl="186" sc="9" el="186" ec="36" />
            </Method>
            <Method visited="true" cyclomaticComplexity="1" sequenceCoverage="100" branchCoverage="100" isConstructor="false" isStatic="false" isGetter="false" isSetter="false">
              <MetadataToken>100663325</MetadataToken>
              <Name>System.Void UnitTests_VB.NUnit.Samples.AssertSyntaxTests::StartsWithTests()</Name>
              <FileRef uid="5" />
              <SequencePoints>
                <SequencePoint vc="1" uspid="155" ordinal="0" offset="0" sl="211" sc="9" el="211" ec="37" />
                <SequencePoint vc="1" uspid="156" ordinal="1" offset="1" sl="212" sc="17" el="212" ec="50" />
                <SequencePoint vc="1" uspid="157" ordinal="2" offset="7" sl="213" sc="17" el="213" ec="80" />
                <SequencePoint vc="1" uspid="158" ordinal="3" offset="43" sl="216" sc="13" el="216" ec="53" />
                <SequencePoint vc="1" uspid="159" ordinal="4" offset="55" sl="219" sc="13" el="219" ec="57" />
                <SequencePoint vc="1" uspid="160" ordinal="5" offset="72" sl="221" sc="13" el="221" ec="60" />
                <SequencePoint vc="1" uspid="161" ordinal="6" offset="94" sl="222" sc="13" el="222" ec="68" />
                <SequencePoint vc="1" uspid="162" ordinal="7" offset="116" sl="223" sc="13" el="223" ec="70" />
                <SequencePoint vc="1" uspid="163" ordinal="8" offset="143" sl="224" sc="13" el="224" ec="72" />
                <SequencePoint vc="1" uspid="164" ordinal="9" offset="170" sl="227" sc="13" el="227" ec="48" />
                <SequencePoint vc="1" uspid="165" ordinal="10" offset="188" sl="229" sc="13" el="229" ec="55" />
                <SequencePoint vc="1" uspid="166" ordinal="11" offset="210" sl="230" sc="13" el="230" ec="59" />
                <SequencePoint vc="1" uspid="167" ordinal="12" offset="233" sl="231" sc="13" el="231" ec="65" />
                <SequencePoint vc="1" uspid="168" ordinal="13" offset="260" sl="232" sc="13" el="232" ec="62" />
                <SequencePoint vc="1" uspid="169" ordinal="14" offset="288" sl="233" sc="9" el="233" ec="16" />
              </SequencePoints>
              <BranchPoints />
              <MethodPoint xsi:type="SequencePoint" vc="1" uspid="155" ordinal="0" offset="0" sl="211" sc="9" el="211" ec="37" />
            </Method>
            <Method visited="true" cyclomaticComplexity="1" sequenceCoverage="100" branchCoverage="100" isConstructor="false" isStatic="false" isGetter="false" isSetter="false">
              <MetadataToken>100663326</MetadataToken>
              <Name>System.Void UnitTests_VB.NUnit.Samples.AssertSyntaxTests::EndsWithTests()</Name>
              <FileRef uid="5" />
              <SequencePoints>
                <SequencePoint vc="1" uspid="170" ordinal="0" offset="0" sl="236" sc="9" el="236" ec="35" />
                <SequencePoint vc="1" uspid="171" ordinal="1" offset="1" sl="237" sc="17" el="237" ec="50" />
                <SequencePoint vc="1" uspid="172" ordinal="2" offset="7" sl="238" sc="17" el="238" ec="80" />
                <SequencePoint vc="1" uspid="173" ordinal="3" offset="43" sl="241" sc="13" el="241" ec="47" />
                <SequencePoint vc="1" uspid="174" ordinal="4" offset="55" sl="244" sc="13" el="244" ec="51" />
                <SequencePoint vc="1" uspid="175" ordinal="5" offset="72" sl="246" sc="13" el="246" ec="55" />
                <SequencePoint vc="1" uspid="176" ordinal="6" offset="94" sl="247" sc="13" el="247" ec="67" />
                <SequencePoint vc="1" uspid="177" ordinal="7" offset="116" sl="248" sc="13" el="248" ec="59" />
                <SequencePoint vc="1" uspid="178" ordinal="8" offset="138" sl="251" sc="13" el="251" ec="42" />
                <SequencePoint vc="1" uspid="179" ordinal="9" offset="156" sl="253" sc="13" el="253" ec="50" />
                <SequencePoint vc="1" uspid="180" ordinal="10" offset="178" sl="254" sc="13" el="254" ec="58" />
                <SequencePoint vc="1" uspid="181" ordinal="11" offset="201" sl="255" sc="13" el="255" ec="49" />
                <SequencePoint vc="1" uspid="182" ordinal="12" offset="224" sl="256" sc="9" el="256" ec="16" />
              </SequencePoints>
              <BranchPoints />
              <MethodPoint xsi:type="SequencePoint" vc="1" uspid="170" ordinal="0" offset="0" sl="236" sc="9" el="236" ec="35" />
            </Method>
            <Method visited="true" cyclomaticComplexity="1" sequenceCoverage="100" branchCoverage="100" isConstructor="false" isStatic="false" isGetter="false" isSetter="false">
              <MetadataToken>100663327</MetadataToken>
              <Name>System.Void UnitTests_VB.NUnit.Samples.AssertSyntaxTests::EqualIgnoringCaseTests()</Name>
              <FileRef uid="5" />
              <SequencePoints>
                <SequencePoint vc="1" uspid="183" ordinal="0" offset="0" sl="259" sc="9" el="259" ec="44" />
                <SequencePoint vc="1" uspid="184" ordinal="1" offset="1" sl="261" sc="17" el="261" ec="50" />
                <SequencePoint vc="1" uspid="185" ordinal="2" offset="7" sl="262" sc="17" el="262" ec="69" />
                <SequencePoint vc="1" uspid="186" ordinal="3" offset="38" sl="263" sc="17" el="263" ec="69" />
                <SequencePoint vc="1" uspid="187" ordinal="4" offset="69" sl="264" sc="17" el="264" ec="78" />
                <SequencePoint vc="1" uspid="188" ordinal="5" offset="110" sl="267" sc="13" el="267" ec="70" />
                <SequencePoint vc="1" uspid="189" ordinal="6" offset="122" sl="270" sc="13" el="270" ec="73" />
                <SequencePoint vc="1" uspid="190" ordinal="7" offset="144" sl="272" sc="13" el="272" ec="79" />
                <SequencePoint vc="1" uspid="191" ordinal="8" offset="171" sl="273" sc="13" el="273" ec="65" />
                <SequencePoint vc="1" uspid="192" ordinal="9" offset="189" sl="274" sc="13" el="274" ec="70" />
                <SequencePoint vc="1" uspid="193" ordinal="10" offset="216" sl="277" sc="13" el="277" ec="63" />
                <SequencePoint vc="1" uspid="194" ordinal="11" offset="239" sl="279" sc="13" el="279" ec="74" />
                <SequencePoint vc="1" uspid="195" ordinal="12" offset="266" sl="280" sc="13" el="280" ec="55" />
                <SequencePoint vc="1" uspid="196" ordinal="13" offset="285" sl="281" sc="13" el="281" ec="60" />
                <SequencePoint vc="1" uspid="197" ordinal="14" offset="313" sl="282" sc="9" el="282" ec="16" />
              </SequencePoints>
              <BranchPoints />
              <MethodPoint xsi:type="SequencePoint" vc="1" uspid="183" ordinal="0" offset="0" sl="259" sc="9" el="259" ec="44" />
            </Method>
            <Method visited="true" cyclomaticComplexity="1" sequenceCoverage="100" branchCoverage="100" isConstructor="false" isStatic="false" isGetter="false" isSetter="false">
              <MetadataToken>100663328</MetadataToken>
              <Name>System.Void UnitTests_VB.NUnit.Samples.AssertSyntaxTests::RegularExpressionTests()</Name>
              <FileRef uid="5" />
              <SequencePoints>
                <SequencePoint vc="1" uspid="198" ordinal="0" offset="0" sl="285" sc="9" el="285" ec="44" />
                <SequencePoint vc="1" uspid="199" ordinal="1" offset="1" sl="286" sc="17" el="286" ec="107" />
                <SequencePoint vc="1" uspid="200" ordinal="2" offset="7" sl="287" sc="17" el="287" ec="107" />
                <SequencePoint vc="1" uspid="201" ordinal="3" offset="43" sl="290" sc="13" el="290" ec="57" />
                <SequencePoint vc="1" uspid="202" ordinal="4" offset="55" sl="291" sc="13" el="291" ec="54" />
                <SequencePoint vc="1" uspid="203" ordinal="5" offset="67" sl="294" sc="13" el="294" ec="60" />
                <SequencePoint vc="1" uspid="204" ordinal="6" offset="84" sl="295" sc="13" el="295" ec="57" />
                <SequencePoint vc="1" uspid="205" ordinal="7" offset="101" sl="297" sc="13" el="297" ec="66" />
                <SequencePoint vc="1" uspid="206" ordinal="8" offset="123" sl="298" sc="13" el="298" ec="70" />
                <SequencePoint vc="1" uspid="207" ordinal="9" offset="150" sl="301" sc="13" el="301" ec="52" />
                <SequencePoint vc="1" uspid="208" ordinal="10" offset="168" sl="302" sc="13" el="302" ec="49" />
                <SequencePoint vc="1" uspid="209" ordinal="11" offset="186" sl="304" sc="13" el="304" ec="63" />
                <SequencePoint vc="1" uspid="210" ordinal="12" offset="208" sl="305" sc="13" el="305" ec="54" />
                <SequencePoint vc="1" uspid="211" ordinal="13" offset="231" sl="306" sc="13" el="306" ec="60" />
                <SequencePoint vc="1" uspid="212" ordinal="14" offset="259" sl="307" sc="9" el="307" ec="16" />
              </SequencePoints>
              <BranchPoints />
              <MethodPoint xsi:type="SequencePoint" vc="1" uspid="198" ordinal="0" offset="0" sl="285" sc="9" el="285" ec="44" />
            </Method>
            <Method visited="true" cyclomaticComplexity="1" sequenceCoverage="100" branchCoverage="100" isConstructor="false" isStatic="false" isGetter="false" isSetter="false">
              <MetadataToken>100663329</MetadataToken>
              <Name>System.Void UnitTests_VB.NUnit.Samples.AssertSyntaxTests::EqualityTests()</Name>
              <FileRef uid="5" />
              <SequencePoints>
                <SequencePoint vc="1" uspid="213" ordinal="0" offset="0" sl="312" sc="9" el="312" ec="35" />
                <SequencePoint vc="1" uspid="214" ordinal="1" offset="1" sl="314" sc="17" el="314" ec="44" />
                <SequencePoint vc="1" uspid="215" ordinal="2" offset="22" sl="315" sc="17" el="315" ec="49" />
                <SequencePoint vc="1" uspid="216" ordinal="3" offset="72" sl="316" sc="17" el="316" ec="50" />
                <SequencePoint vc="1" uspid="217" ordinal="4" offset="93" sl="319" sc="13" el="319" ec="38" />
                <SequencePoint vc="1" uspid="218" ordinal="5" offset="111" sl="320" sc="13" el="320" ec="36" />
                <SequencePoint vc="1" uspid="219" ordinal="6" offset="119" sl="321" sc="13" el="321" ec="41" />
                <SequencePoint vc="1" uspid="220" ordinal="7" offset="137" sl="322" sc="13" el="322" ec="45" />
                <SequencePoint vc="1" uspid="221" ordinal="8" offset="145" sl="325" sc="13" el="325" ec="48" />
                <SequencePoint vc="1" uspid="222" ordinal="9" offset="163" sl="326" sc="13" el="326" ec="35" />
                <SequencePoint vc="1" uspid="223" ordinal="10" offset="170" sl="327" sc="13" el="327" ec="46" />
                <SequencePoint vc="1" uspid="224" ordinal="11" offset="183" sl="328" sc="13" el="328" ec="52" />
                <SequencePoint vc="1" uspid="225" ordinal="12" offset="206" sl="329" sc="13" el="329" ec="56" />
                <SequencePoint vc="1" uspid="226" ordinal="13" offset="224" sl="332" sc="13" el="332" ec="38" />
                <SequencePoint vc="1" uspid="227" ordinal="14" offset="243" sl="333" sc="13" el="333" ec="30" />
                <SequencePoint vc="1" uspid="228" ordinal="15" offset="251" sl="334" sc="13" el="334" ec="36" />
                <SequencePoint vc="1" uspid="229" ordinal="16" offset="265" sl="335" sc="13" el="335" ec="47" />
                <SequencePoint vc="1" uspid="230" ordinal="17" offset="288" sl="336" sc="13" el="336" ec="51" />
                <SequencePoint vc="1" uspid="231" ordinal="18" offset="306" sl="337" sc="9" el="337" ec="16" />
              </SequencePoints>
              <BranchPoints />
              <MethodPoint xsi:type="SequencePoint" vc="1" uspid="213" ordinal="0" offset="0" sl="312" sc="9" el="312" ec="35" />
            </Method>
            <Method visited="true" cyclomaticComplexity="1" sequenceCoverage="100" branchCoverage="100" isConstructor="false" isStatic="false" isGetter="false" isSetter="false">
              <MetadataToken>100663330</MetadataToken>
              <Name>System.Void UnitTests_VB.NUnit.Samples.AssertSyntaxTests::EqualityTestsWithTolerance()</Name>
              <FileRef uid="5" />
              <SequencePoints>
                <SequencePoint vc="1" uspid="232" ordinal="0" offset="0" sl="340" sc="9" el="340" ec="48" />
                <SequencePoint vc="1" uspid="233" ordinal="1" offset="1" sl="342" sc="13" el="342" ec="48" />
                <SequencePoint vc="1" uspid="234" ordinal="2" offset="34" sl="343" sc="13" el="343" ec="48" />
                <SequencePoint vc="1" uspid="235" ordinal="3" offset="67" sl="346" sc="13" el="346" ec="65" />
                <SequencePoint vc="1" uspid="236" ordinal="4" offset="120" sl="347" sc="13" el="347" ec="63" />
                <SequencePoint vc="1" uspid="237" ordinal="5" offset="198" sl="348" sc="13" el="348" ec="65" />
                <SequencePoint vc="1" uspid="238" ordinal="6" offset="239" sl="349" sc="13" el="349" ec="63" />
                <SequencePoint vc="1" uspid="239" ordinal="7" offset="335" sl="350" sc="13" el="350" ec="58" />
                <SequencePoint vc="1" uspid="240" ordinal="8" offset="372" sl="351" sc="13" el="351" ec="75" />
                <SequencePoint vc="1" uspid="241" ordinal="9" offset="418" sl="354" sc="13" el="354" ec="55" />
                <SequencePoint vc="1" uspid="242" ordinal="10" offset="472" sl="355" sc="13" el="355" ec="58" />
                <SequencePoint vc="1" uspid="243" ordinal="11" offset="550" sl="356" sc="13" el="356" ec="55" />
                <SequencePoint vc="1" uspid="244" ordinal="12" offset="592" sl="357" sc="13" el="357" ec="53" />
                <SequencePoint vc="1" uspid="245" ordinal="13" offset="689" sl="358" sc="13" el="358" ec="48" />
                <SequencePoint vc="1" uspid="246" ordinal="14" offset="727" sl="359" sc="13" el="359" ec="65" />
                <SequencePoint vc="1" uspid="247" ordinal="15" offset="774" sl="360" sc="9" el="360" ec="16" />
              </SequencePoints>
              <BranchPoints />
              <MethodPoint xsi:type="SequencePoint" vc="1" uspid="232" ordinal="0" offset="0" sl="340" sc="9" el="340" ec="48" />
            </Method>
            <Method visited="true" cyclomaticComplexity="1" sequenceCoverage="100" branchCoverage="100" isConstructor="false" isStatic="false" isGetter="false" isSetter="false">
              <MetadataToken>100663331</MetadataToken>
              <Name>System.Void UnitTests_VB.NUnit.Samples.AssertSyntaxTests::EqualityTestsWithTolerance_MixedFloatAndDouble()</Name>
              <FileRef uid="5" />
              <SequencePoints>
                <SequencePoint vc="1" uspid="248" ordinal="0" offset="0" sl="363" sc="9" el="363" ec="68" />
                <SequencePoint vc="1" uspid="249" ordinal="1" offset="1" sl="365" sc="13" el="366" ec="68" />
                <SequencePoint vc="1" uspid="250" ordinal="2" offset="61" sl="367" sc="13" el="368" ec="68" />
                <SequencePoint vc="1" uspid="251" ordinal="3" offset="121" sl="369" sc="13" el="370" ec="68" />
                <SequencePoint vc="1" uspid="252" ordinal="4" offset="177" sl="371" sc="13" el="372" ec="68" />
                <SequencePoint vc="1" uspid="253" ordinal="5" offset="233" sl="373" sc="13" el="374" ec="68" />
                <SequencePoint vc="1" uspid="254" ordinal="6" offset="293" sl="375" sc="13" el="376" ec="68" />
                <SequencePoint vc="1" uspid="255" ordinal="7" offset="349" sl="377" sc="9" el="377" ec="16" />
              </SequencePoints>
              <BranchPoints />
              <MethodPoint xsi:type="SequencePoint" vc="1" uspid="248" ordinal="0" offset="0" sl="363" sc="9" el="363" ec="68" />
            </Method>
            <Method visited="true" cyclomaticComplexity="1" sequenceCoverage="100" branchCoverage="100" isConstructor="false" isStatic="false" isGetter="false" isSetter="false">
              <MetadataToken>100663332</MetadataToken>
              <Name>System.Void UnitTests_VB.NUnit.Samples.AssertSyntaxTests::EqualityTestsWithTolerance_MixingTypesGenerally()</Name>
              <FileRef uid="5" />
              <SequencePoints>
                <SequencePoint vc="1" uspid="256" ordinal="0" offset="0" sl="380" sc="9" el="380" ec="69" />
                <SequencePoint vc="1" uspid="257" ordinal="1" offset="1" sl="382" sc="13" el="383" ec="65" />
                <SequencePoint vc="1" uspid="258" ordinal="2" offset="57" sl="384" sc="13" el="385" ec="66" />
                <SequencePoint vc="1" uspid="259" ordinal="3" offset="135" sl="386" sc="13" el="387" ec="64" />
                <SequencePoint vc="1" uspid="260" ordinal="4" offset="206" sl="388" sc="13" el="389" ec="59" />
                <SequencePoint vc="1" uspid="261" ordinal="5" offset="255" sl="390" sc="13" el="391" ec="60" />
                <SequencePoint vc="1" uspid="262" ordinal="6" offset="305" sl="392" sc="9" el="392" ec="16" />
              </SequencePoints>
              <BranchPoints />
              <MethodPoint xsi:type="SequencePoint" vc="1" uspid="256" ordinal="0" offset="0" sl="380" sc="9" el="380" ec="69" />
            </Method>
            <Method visited="true" cyclomaticComplexity="1" sequenceCoverage="100" branchCoverage="100" isConstructor="false" isStatic="false" isGetter="false" isSetter="false">
              <MetadataToken>100663333</MetadataToken>
              <Name>System.Void UnitTests_VB.NUnit.Samples.AssertSyntaxTests::ComparisonTests()</Name>
              <FileRef uid="5" />
              <SequencePoints>
                <SequencePoint vc="1" uspid="263" ordinal="0" offset="0" sl="397" sc="9" el="397" ec="37" />
                <SequencePoint vc="1" uspid="264" ordinal="1" offset="1" sl="399" sc="13" el="399" ec="33" />
                <SequencePoint vc="1" uspid="265" ordinal="2" offset="9" sl="400" sc="13" el="400" ec="40" />
                <SequencePoint vc="1" uspid="266" ordinal="3" offset="17" sl="401" sc="13" el="401" ec="40" />
                <SequencePoint vc="1" uspid="267" ordinal="4" offset="25" sl="404" sc="13" el="404" ec="48" />
                <SequencePoint vc="1" uspid="268" ordinal="5" offset="43" sl="405" sc="13" el="405" ec="57" />
                <SequencePoint vc="1" uspid="269" ordinal="6" offset="61" sl="406" sc="13" el="406" ec="44" />
                <SequencePoint vc="1" uspid="270" ordinal="7" offset="79" sl="407" sc="13" el="407" ec="57" />
                <SequencePoint vc="1" uspid="271" ordinal="8" offset="97" sl="408" sc="13" el="408" ec="44" />
                <SequencePoint vc="1" uspid="272" ordinal="9" offset="115" sl="411" sc="13" el="411" ec="38" />
                <SequencePoint vc="1" uspid="273" ordinal="10" offset="134" sl="412" sc="13" el="412" ec="47" />
                <SequencePoint vc="1" uspid="274" ordinal="11" offset="153" sl="413" sc="13" el="413" ec="34" />
                <SequencePoint vc="1" uspid="275" ordinal="12" offset="172" sl="414" sc="13" el="414" ec="47" />
                <SequencePoint vc="1" uspid="276" ordinal="13" offset="191" sl="415" sc="13" el="415" ec="34" />
                <SequencePoint vc="1" uspid="277" ordinal="14" offset="210" sl="418" sc="13" el="418" ec="30" />
                <SequencePoint vc="1" uspid="278" ordinal="15" offset="218" sl="419" sc="13" el="419" ec="37" />
                <SequencePoint vc="1" uspid="279" ordinal="16" offset="226" sl="420" sc="13" el="420" ec="37" />
                <SequencePoint vc="1" uspid="280" ordinal="17" offset="234" sl="423" sc="13" el="423" ec="45" />
                <SequencePoint vc="1" uspid="281" ordinal="18" offset="252" sl="424" sc="13" el="424" ec="54" />
                <SequencePoint vc="1" uspid="282" ordinal="19" offset="270" sl="425" sc="13" el="425" ec="43" />
                <SequencePoint vc="1" uspid="283" ordinal="20" offset="288" sl="426" sc="13" el="426" ec="54" />
                <SequencePoint vc="1" uspid="284" ordinal="21" offset="306" sl="427" sc="13" el="427" ec="43" />
                <SequencePoint vc="1" uspid="285" ordinal="22" offset="324" sl="430" sc="13" el="430" ec="35" />
                <SequencePoint vc="1" uspid="286" ordinal="23" offset="343" sl="431" sc="13" el="431" ec="44" />
                <SequencePoint vc="1" uspid="287" ordinal="24" offset="362" sl="432" sc="13" el="432" ec="33" />
                <SequencePoint vc="1" uspid="288" ordinal="25" offset="381" sl="433" sc="13" el="433" ec="44" />
                <SequencePoint vc="1" uspid="289" ordinal="26" offset="400" sl="434" sc="13" el="434" ec="33" />
                <SequencePoint vc="1" uspid="290" ordinal="27" offset="419" sl="435" sc="9" el="435" ec="16" />
              </SequencePoints>
              <BranchPoints />
              <MethodPoint xsi:type="SequencePoint" vc="1" uspid="263" ordinal="0" offset="0" sl="397" sc="9" el="397" ec="37" />
            </Method>
            <Method visited="true" cyclomaticComplexity="1" sequenceCoverage="100" branchCoverage="100" isConstructor="false" isStatic="false" isGetter="false" isSetter="false">
              <MetadataToken>100663334</MetadataToken>
              <Name>System.Void UnitTests_VB.NUnit.Samples.AssertSyntaxTests::AllItemsTests()</Name>
              <FileRef uid="5" />
              <SequencePoints>
                <SequencePoint vc="1" uspid="291" ordinal="0" offset="0" sl="440" sc="9" el="440" ec="35" />
                <SequencePoint vc="1" uspid="292" ordinal="1" offset="1" sl="442" sc="17" el="442" ec="48" />
                <SequencePoint vc="1" uspid="293" ordinal="2" offset="50" sl="443" sc="17" el="443" ec="61" />
                <SequencePoint vc="1" uspid="294" ordinal="3" offset="131" sl="444" sc="17" el="444" ec="74" />
                <SequencePoint vc="1" uspid="295" ordinal="4" offset="185" sl="447" sc="13" el="447" ec="54" />
                <SequencePoint vc="1" uspid="296" ordinal="5" offset="192" sl="448" sc="13" el="448" ec="80" />
                <SequencePoint vc="1" uspid="297" ordinal="6" offset="209" sl="449" sc="13" el="449" ec="82" />
                <SequencePoint vc="1" uspid="298" ordinal="7" offset="226" sl="450" sc="13" el="450" ec="53" />
                <SequencePoint vc="1" uspid="299" ordinal="8" offset="233" sl="453" sc="13" el="453" ec="49" />
                <SequencePoint vc="1" uspid="300" ordinal="9" offset="255" sl="454" sc="13" el="454" ec="45" />
                <SequencePoint vc="1" uspid="301" ordinal="10" offset="272" sl="455" sc="13" el="455" ec="69" />
                <SequencePoint vc="1" uspid="302" ordinal="11" offset="299" sl="456" sc="13" el="456" ec="68" />
                <SequencePoint vc="1" uspid="303" ordinal="12" offset="326" sl="457" sc="13" el="457" ec="71" />
                <SequencePoint vc="1" uspid="304" ordinal="13" offset="353" sl="458" sc="13" el="458" ec="70" />
                <SequencePoint vc="1" uspid="305" ordinal="14" offset="380" sl="459" sc="13" el="459" ec="41" />
                <SequencePoint vc="1" uspid="306" ordinal="15" offset="392" sl="461" sc="13" el="461" ec="50" />
                <SequencePoint vc="1" uspid="307" ordinal="16" offset="409" sl="462" sc="13" el="462" ec="55" />
                <SequencePoint vc="1" uspid="308" ordinal="17" offset="432" sl="463" sc="13" el="463" ec="54" />
                <SequencePoint vc="1" uspid="309" ordinal="18" offset="455" sl="464" sc="13" el="464" ec="61" />
                <SequencePoint vc="1" uspid="310" ordinal="19" offset="478" sl="465" sc="13" el="465" ec="57" />
                <SequencePoint vc="1" uspid="311" ordinal="20" offset="500" sl="466" sc="13" el="466" ec="56" />
                <SequencePoint vc="1" uspid="312" ordinal="21" offset="522" sl="467" sc="13" el="467" ec="60" />
                <SequencePoint vc="1" uspid="313" ordinal="22" offset="544" sl="468" sc="13" el="468" ec="73" />
                <SequencePoint vc="1" uspid="314" ordinal="23" offset="577" sl="469" sc="13" el="469" ec="71" />
                <SequencePoint vc="1" uspid="315" ordinal="24" offset="604" sl="470" sc="13" el="470" ec="69" />
                <SequencePoint vc="1" uspid="316" ordinal="25" offset="654" sl="473" sc="13" el="473" ec="39" />
                <SequencePoint vc="1" uspid="317" ordinal="26" offset="677" sl="474" sc="13" el="474" ec="36" />
                <SequencePoint vc="1" uspid="318" ordinal="27" offset="695" sl="475" sc="13" el="475" ec="59" />
                <SequencePoint vc="1" uspid="319" ordinal="28" offset="723" sl="476" sc="13" el="476" ec="61" />
                <SequencePoint vc="1" uspid="320" ordinal="29" offset="751" sl="477" sc="13" el="477" ec="33" />
                <SequencePoint vc="1" uspid="321" ordinal="30" offset="764" sl="479" sc="13" el="479" ec="45" />
                <SequencePoint vc="1" uspid="322" ordinal="31" offset="781" sl="480" sc="13" el="480" ec="45" />
                <SequencePoint vc="1" uspid="323" ordinal="32" offset="805" sl="481" sc="13" el="481" ec="47" />
                <SequencePoint vc="1" uspid="324" ordinal="33" offset="828" sl="482" sc="13" el="482" ec="51" />
                <SequencePoint vc="1" uspid="325" ordinal="34" offset="851" sl="483" sc="13" el="483" ec="62" />
                <SequencePoint vc="1" uspid="326" ordinal="35" offset="879" sl="484" sc="13" el="484" ec="60" />
                <SequencePoint vc="1" uspid="327" ordinal="36" offset="930" sl="485" sc="9" el="485" ec="16" />
              </SequencePoints>
              <BranchPoints />
              <MethodPoint xsi:type="SequencePoint" vc="1" uspid="291" ordinal="0" offset="0" sl="440" sc="9" el="440" ec="35" />
            </Method>
            <Method visited="true" cyclomaticComplexity="1" sequenceCoverage="100" branchCoverage="100" isConstructor="false" isStatic="false" isGetter="false" isSetter="false">
              <MetadataToken>100663335</MetadataToken>
              <Name>System.Void UnitTests_VB.NUnit.Samples.AssertSyntaxTests::SomeItemsTests()</Name>
              <FileRef uid="5" />
              <SequencePoints>
                <SequencePoint vc="1" uspid="328" ordinal="0" offset="0" sl="488" sc="9" el="488" ec="36" />
                <SequencePoint vc="1" uspid="329" ordinal="1" offset="1" sl="490" sc="17" el="490" ec="70" />
                <SequencePoint vc="1" uspid="330" ordinal="2" offset="64" sl="491" sc="17" el="491" ec="74" />
                <SequencePoint vc="1" uspid="331" ordinal="3" offset="118" sl="496" sc="13" el="496" ec="46" />
                <SequencePoint vc="1" uspid="332" ordinal="4" offset="135" sl="497" sc="13" el="497" ec="70" />
                <SequencePoint vc="1" uspid="333" ordinal="5" offset="162" sl="498" sc="13" el="498" ec="69" />
                <SequencePoint vc="1" uspid="334" ordinal="6" offset="189" sl="499" sc="13" el="499" ec="60" />
                <SequencePoint vc="1" uspid="335" ordinal="7" offset="211" sl="500" sc="13" el="500" ec="64" />
                <SequencePoint vc="1" uspid="336" ordinal="8" offset="238" sl="503" sc="13" el="503" ec="37" />
                <SequencePoint vc="1" uspid="337" ordinal="9" offset="256" sl="504" sc="13" el="504" ec="61" />
                <SequencePoint vc="1" uspid="338" ordinal="10" offset="284" sl="505" sc="13" el="505" ec="60" />
                <SequencePoint vc="1" uspid="339" ordinal="11" offset="312" sl="506" sc="13" el="506" ec="51" />
                <SequencePoint vc="1" uspid="340" ordinal="12" offset="335" sl="507" sc="13" el="507" ec="55" />
                <SequencePoint vc="1" uspid="341" ordinal="13" offset="363" sl="508" sc="9" el="508" ec="16" />
              </SequencePoints>
              <BranchPoints />
              <MethodPoint xsi:type="SequencePoint" vc="1" uspid="328" ordinal="0" offset="0" sl="488" sc="9" el="488" ec="36" />
            </Method>
            <Method visited="true" cyclomaticComplexity="1" sequenceCoverage="100" branchCoverage="100" isConstructor="false" isStatic="false" isGetter="false" isSetter="false">
              <MetadataToken>100663336</MetadataToken>
              <Name>System.Void UnitTests_VB.NUnit.Samples.AssertSyntaxTests::NoItemsTests()</Name>
              <FileRef uid="5" />
              <SequencePoints>
                <SequencePoint vc="1" uspid="342" ordinal="0" offset="0" sl="511" sc="9" el="511" ec="34" />
                <SequencePoint vc="1" uspid="343" ordinal="1" offset="1" sl="513" sc="17" el="513" ec="51" />
                <SequencePoint vc="1" uspid="344" ordinal="2" offset="60" sl="514" sc="17" el="514" ec="74" />
                <SequencePoint vc="1" uspid="345" ordinal="3" offset="114" sl="519" sc="13" el="519" ec="45" />
                <SequencePoint vc="1" uspid="346" ordinal="4" offset="131" sl="520" sc="13" el="520" ec="68" />
                <SequencePoint vc="1" uspid="347" ordinal="5" offset="158" sl="521" sc="13" el="521" ec="56" />
                <SequencePoint vc="1" uspid="348" ordinal="6" offset="182" sl="522" sc="13" el="522" ec="60" />
                <SequencePoint vc="1" uspid="349" ordinal="7" offset="204" sl="525" sc="13" el="525" ec="36" />
                <SequencePoint vc="1" uspid="350" ordinal="8" offset="222" sl="526" sc="13" el="526" ec="59" />
                <SequencePoint vc="1" uspid="351" ordinal="9" offset="250" sl="527" sc="13" el="527" ec="47" />
                <SequencePoint vc="1" uspid="352" ordinal="10" offset="275" sl="528" sc="13" el="528" ec="51" />
                <SequencePoint vc="1" uspid="353" ordinal="11" offset="298" sl="529" sc="9" el="529" ec="16" />
              </SequencePoints>
              <BranchPoints />
              <MethodPoint xsi:type="SequencePoint" vc="1" uspid="342" ordinal="0" offset="0" sl="511" sc="9" el="511" ec="34" />
            </Method>
            <Method visited="true" cyclomaticComplexity="1" sequenceCoverage="100" branchCoverage="100" isConstructor="false" isStatic="false" isGetter="false" isSetter="false">
              <MetadataToken>100663337</MetadataToken>
              <Name>System.Void UnitTests_VB.NUnit.Samples.AssertSyntaxTests::CollectionContainsTests()</Name>
              <FileRef uid="5" />
              <SequencePoints>
                <SequencePoint vc="1" uspid="354" ordinal="0" offset="0" sl="532" sc="9" el="532" ec="45" />
                <SequencePoint vc="1" uspid="355" ordinal="1" offset="1" sl="534" sc="17" el="534" ec="48" />
                <SequencePoint vc="1" uspid="356" ordinal="2" offset="22" sl="535" sc="17" el="535" ec="53" />
                <SequencePoint vc="1" uspid="357" ordinal="3" offset="58" sl="538" sc="13" el="538" ec="39" />
                <SequencePoint vc="1" uspid="358" ordinal="4" offset="71" sl="539" sc="13" el="539" ec="41" />
                <SequencePoint vc="1" uspid="359" ordinal="5" offset="83" sl="540" sc="13" el="540" ec="49" />
                <SequencePoint vc="1" uspid="360" ordinal="6" offset="96" sl="541" sc="13" el="541" ec="51" />
                <SequencePoint vc="1" uspid="361" ordinal="7" offset="108" sl="542" sc="13" el="542" ec="57" />
                <SequencePoint vc="1" uspid="362" ordinal="8" offset="120" sl="544" sc="13" el="544" ec="52" />
                <SequencePoint vc="1" uspid="363" ordinal="9" offset="141" sl="547" sc="13" el="547" ec="47" />
                <SequencePoint vc="1" uspid="364" ordinal="10" offset="159" sl="548" sc="13" el="548" ec="49" />
                <SequencePoint vc="1" uspid="365" ordinal="11" offset="176" sl="549" sc="13" el="549" ec="52" />
                <SequencePoint vc="1" uspid="366" ordinal="12" offset="198" sl="551" sc="13" el="551" ec="50" />
                <SequencePoint vc="1" uspid="367" ordinal="13" offset="224" sl="557" sc="13" el="557" ec="53" />
                <SequencePoint vc="1" uspid="368" ordinal="14" offset="247" sl="558" sc="13" el="558" ec="47" />
                <SequencePoint vc="1" uspid="369" ordinal="15" offset="265" sl="559" sc="13" el="559" ec="55" />
                <SequencePoint vc="1" uspid="370" ordinal="16" offset="287" sl="560" sc="13" el="560" ec="55" />
                <SequencePoint vc="1" uspid="371" ordinal="17" offset="309" sl="561" sc="13" el="561" ec="55" />
                <SequencePoint vc="1" uspid="372" ordinal="18" offset="340" sl="562" sc="13" el="562" ec="54" />
                <SequencePoint vc="1" uspid="373" ordinal="19" offset="364" sl="563" sc="13" el="563" ec="59" />
                <SequencePoint vc="1" uspid="374" ordinal="20" offset="392" sl="564" sc="13" el="564" ec="76" />
                <SequencePoint vc="1" uspid="375" ordinal="21" offset="425" sl="567" sc="13" el="567" ec="40" />
                <SequencePoint vc="1" uspid="376" ordinal="22" offset="444" sl="568" sc="13" el="568" ec="42" />
                <SequencePoint vc="1" uspid="377" ordinal="23" offset="462" sl="569" sc="13" el="569" ec="47" />
                <SequencePoint vc="1" uspid="378" ordinal="24" offset="484" sl="575" sc="13" el="575" ec="44" />
                <SequencePoint vc="1" uspid="379" ordinal="25" offset="508" sl="576" sc="13" el="576" ec="46" />
                <SequencePoint vc="1" uspid="380" ordinal="26" offset="531" sl="577" sc="13" el="577" ec="46" />
                <SequencePoint vc="1" uspid="381" ordinal="27" offset="554" sl="578" sc="13" el="578" ec="45" />
                <SequencePoint vc="1" uspid="382" ordinal="28" offset="579" sl="579" sc="13" el="579" ec="50" />
                <SequencePoint vc="1" uspid="383" ordinal="29" offset="608" sl="580" sc="13" el="580" ec="67" />
                <SequencePoint vc="1" uspid="384" ordinal="30" offset="642" sl="581" sc="9" el="581" ec="16" />
              </SequencePoints>
              <BranchPoints />
              <MethodPoint xsi:type="SequencePoint" vc="1" uspid="354" ordinal="0" offset="0" sl="532" sc="9" el="532" ec="45" />
            </Method>
            <Method visited="true" cyclomaticComplexity="1" sequenceCoverage="100" branchCoverage="100" isConstructor="false" isStatic="false" isGetter="false" isSetter="false">
              <MetadataToken>100663338</MetadataToken>
              <Name>System.Void UnitTests_VB.NUnit.Samples.AssertSyntaxTests::CollectionEquivalenceTests()</Name>
              <FileRef uid="5" />
              <SequencePoints>
                <SequencePoint vc="1" uspid="385" ordinal="0" offset="0" sl="584" sc="9" el="584" ec="48" />
                <SequencePoint vc="1" uspid="386" ordinal="1" offset="1" sl="586" sc="17" el="586" ec="56" />
                <SequencePoint vc="1" uspid="387" ordinal="2" offset="37" sl="587" sc="17" el="587" ec="60" />
                <SequencePoint vc="1" uspid="388" ordinal="3" offset="78" sl="588" sc="17" el="588" ec="59" />
                <SequencePoint vc="1" uspid="389" ordinal="4" offset="119" sl="591" sc="13" el="591" ec="84" />
                <SequencePoint vc="1" uspid="390" ordinal="5" offset="154" sl="592" sc="13" el="592" ec="87" />
                <SequencePoint vc="1" uspid="391" ordinal="6" offset="189" sl="593" sc="13" el="593" ec="84" />
                <SequencePoint vc="1" uspid="392" ordinal="7" offset="220" sl="594" sc="13" el="594" ec="93" />
                <SequencePoint vc="1" uspid="393" ordinal="8" offset="263" sl="595" sc="13" el="595" ec="67" />
                <SequencePoint vc="1" uspid="394" ordinal="9" offset="271" sl="598" sc="13" el="598" ec="82" />
                <SequencePoint vc="1" uspid="395" ordinal="10" offset="311" sl="599" sc="13" el="599" ec="88" />
                <SequencePoint vc="1" uspid="396" ordinal="11" offset="356" sl="600" sc="13" el="600" ec="85" />
                <SequencePoint vc="1" uspid="397" ordinal="12" offset="397" sl="601" sc="13" el="601" ec="94" />
                <SequencePoint vc="1" uspid="398" ordinal="13" offset="450" sl="602" sc="13" el="602" ec="68" />
                <SequencePoint vc="1" uspid="399" ordinal="14" offset="468" sl="605" sc="13" el="605" ec="74" />
                <SequencePoint vc="1" uspid="400" ordinal="15" offset="509" sl="606" sc="9" el="606" ec="16" />
              </SequencePoints>
              <BranchPoints />
              <MethodPoint xsi:type="SequencePoint" vc="1" uspid="385" ordinal="0" offset="0" sl="584" sc="9" el="584" ec="48" />
            </Method>
            <Method visited="true" cyclomaticComplexity="1" sequenceCoverage="100" branchCoverage="100" isConstructor="false" isStatic="false" isGetter="false" isSetter="false">
              <MetadataToken>100663339</MetadataToken>
              <Name>System.Void UnitTests_VB.NUnit.Samples.AssertSyntaxTests::SubsetTests()</Name>
              <FileRef uid="5" />
              <SequencePoints>
                <SequencePoint vc="1" uspid="401" ordinal="0" offset="0" sl="609" sc="9" el="609" ec="33" />
                <SequencePoint vc="1" uspid="402" ordinal="1" offset="1" sl="611" sc="17" el="611" ec="56" />
                <SequencePoint vc="1" uspid="403" ordinal="2" offset="30" sl="614" sc="13" el="614" ec="75" />
                <SequencePoint vc="1" uspid="404" ordinal="3" offset="57" sl="615" sc="13" el="615" ec="81" />
                <SequencePoint vc="1" uspid="405" ordinal="4" offset="92" sl="616" sc="13" el="616" ec="78" />
                <SequencePoint vc="1" uspid="406" ordinal="5" offset="119" sl="617" sc="13" el="617" ec="84" />
                <SequencePoint vc="1" uspid="407" ordinal="6" offset="154" sl="620" sc="13" el="620" ec="74" />
                <SequencePoint vc="1" uspid="408" ordinal="7" offset="186" sl="621" sc="13" el="621" ec="80" />
                <SequencePoint vc="1" uspid="409" ordinal="8" offset="226" sl="622" sc="13" el="622" ec="78" />
                <SequencePoint vc="1" uspid="410" ordinal="9" offset="263" sl="625" sc="13" el="625" ec="64" />
                <SequencePoint vc="1" uspid="411" ordinal="10" offset="296" sl="626" sc="13" el="626" ec="70" />
                <SequencePoint vc="1" uspid="412" ordinal="11" offset="337" sl="627" sc="13" el="627" ec="73" />
                <SequencePoint vc="1" uspid="413" ordinal="12" offset="374" sl="628" sc="9" el="628" ec="16" />
              </SequencePoints>
              <BranchPoints />
              <MethodPoint xsi:type="SequencePoint" vc="1" uspid="401" ordinal="0" offset="0" sl="609" sc="9" el="609" ec="33" />
            </Method>
            <Method visited="true" cyclomaticComplexity="1" sequenceCoverage="100" branchCoverage="100" isConstructor="false" isStatic="false" isGetter="false" isSetter="false">
              <MetadataToken>100663340</MetadataToken>
              <Name>System.Void UnitTests_VB.NUnit.Samples.AssertSyntaxTests::PropertyTests()</Name>
              <FileRef uid="5" />
              <SequencePoints>
                <SequencePoint vc="1" uspid="414" ordinal="0" offset="0" sl="633" sc="9" el="633" ec="35" />
                <SequencePoint vc="1" uspid="415" ordinal="1" offset="1" sl="635" sc="17" el="635" ec="65" />
                <SequencePoint vc="1" uspid="416" ordinal="2" offset="46" sl="636" sc="17" el="636" ec="56" />
                <SequencePoint vc="1" uspid="417" ordinal="3" offset="82" sl="637" sc="17" el="637" ec="45" />
                <SequencePoint vc="1" uspid="418" ordinal="4" offset="89" sl="642" sc="13" el="642" ec="53" />
                <SequencePoint vc="1" uspid="419" ordinal="5" offset="106" sl="643" sc="13" el="643" ec="57" />
                <SequencePoint vc="1" uspid="420" ordinal="6" offset="128" sl="645" sc="13" el="645" ec="56" />
                <SequencePoint vc="1" uspid="421" ordinal="7" offset="155" sl="646" sc="13" el="646" ec="68" />
                <SequencePoint vc="1" uspid="422" ordinal="8" offset="187" sl="647" sc="13" el="647" ec="72" />
                <SequencePoint vc="1" uspid="423" ordinal="9" offset="219" sl="649" sc="13" el="649" ec="66" />
                <SequencePoint vc="1" uspid="424" ordinal="10" offset="247" sl="650" sc="13" el="650" ec="54" />
                <SequencePoint vc="1" uspid="425" ordinal="11" offset="270" sl="651" sc="13" el="651" ec="68" />
                <SequencePoint vc="1" uspid="426" ordinal="12" offset="299" sl="653" sc="13" el="653" ec="70" />
                <SequencePoint vc="1" uspid="427" ordinal="13" offset="332" sl="654" sc="13" el="654" ec="58" />
                <SequencePoint vc="1" uspid="428" ordinal="14" offset="360" sl="655" sc="13" el="655" ec="59" />
                <SequencePoint vc="1" uspid="429" ordinal="15" offset="388" sl="656" sc="13" el="656" ec="70" />
                <SequencePoint vc="1" uspid="430" ordinal="16" offset="421" sl="657" sc="13" el="657" ec="71" />
                <SequencePoint vc="1" uspid="431" ordinal="17" offset="454" sl="659" sc="13" el="659" ec="72" />
                <SequencePoint vc="1" uspid="432" ordinal="18" offset="487" sl="660" sc="13" el="660" ec="60" />
                <SequencePoint vc="1" uspid="433" ordinal="19" offset="515" sl="661" sc="13" el="661" ec="74" />
                <SequencePoint vc="1" uspid="434" ordinal="20" offset="548" sl="664" sc="13" el="664" ec="48" />
                <SequencePoint vc="1" uspid="435" ordinal="21" offset="565" sl="665" sc="13" el="665" ec="50" />
                <SequencePoint vc="1" uspid="436" ordinal="22" offset="587" sl="667" sc="13" el="667" ec="61" />
                <SequencePoint vc="1" uspid="437" ordinal="23" offset="621" sl="668" sc="13" el="668" ec="49" />
                <SequencePoint vc="1" uspid="438" ordinal="24" offset="650" sl="669" sc="9" el="669" ec="16" />
              </SequencePoints>
              <BranchPoints />
              <MethodPoint xsi:type="SequencePoint" vc="1" uspid="414" ordinal="0" offset="0" sl="633" sc="9" el="633" ec="35" />
            </Method>
            <Method visited="true" cyclomaticComplexity="1" sequenceCoverage="100" branchCoverage="100" isConstructor="false" isStatic="false" isGetter="false" isSetter="false">
              <MetadataToken>100663341</MetadataToken>
              <Name>System.Void UnitTests_VB.NUnit.Samples.AssertSyntaxTests::NotTests()</Name>
              <FileRef uid="5" />
              <SequencePoints>
                <SequencePoint vc="1" uspid="439" ordinal="0" offset="0" sl="674" sc="9" el="674" ec="30" />
                <SequencePoint vc="1" uspid="440" ordinal="1" offset="1" sl="678" sc="13" el="678" ec="43" />
                <SequencePoint vc="1" uspid="441" ordinal="2" offset="19" sl="679" sc="13" el="679" ec="43" />
                <SequencePoint vc="1" uspid="442" ordinal="3" offset="37" sl="680" sc="13" el="680" ec="44" />
                <SequencePoint vc="1" uspid="443" ordinal="4" offset="55" sl="681" sc="13" el="681" ec="43" />
                <SequencePoint vc="1" uspid="444" ordinal="5" offset="80" sl="682" sc="13" el="682" ec="52" />
                <SequencePoint vc="1" uspid="445" ordinal="6" offset="103" sl="683" sc="13" el="683" ec="56" />
                <SequencePoint vc="1" uspid="446" ordinal="7" offset="131" sl="684" sc="13" el="684" ec="60" />
                <SequencePoint vc="1" uspid="447" ordinal="8" offset="164" sl="687" sc="13" el="687" ec="38" />
                <SequencePoint vc="1" uspid="448" ordinal="9" offset="182" sl="688" sc="13" el="688" ec="38" />
                <SequencePoint vc="1" uspid="449" ordinal="10" offset="200" sl="689" sc="13" el="689" ec="39" />
                <SequencePoint vc="1" uspid="450" ordinal="11" offset="218" sl="690" sc="13" el="690" ec="38" />
                <SequencePoint vc="1" uspid="451" ordinal="12" offset="243" sl="691" sc="13" el="691" ec="47" />
                <SequencePoint vc="1" uspid="452" ordinal="13" offset="266" sl="692" sc="13" el="692" ec="51" />
                <SequencePoint vc="1" uspid="453" ordinal="14" offset="294" sl="693" sc="13" el="693" ec="55" />
                <SequencePoint vc="1" uspid="454" ordinal="15" offset="327" sl="694" sc="9" el="694" ec="16" />
              </SequencePoints>
              <BranchPoints />
              <MethodPoint xsi:type="SequencePoint" vc="1" uspid="439" ordinal="0" offset="0" sl="674" sc="9" el="674" ec="30" />
            </Method>
          </Methods>
        </Class>
      </Classes>
    </Module>
    <Module skippedDueTo="MissingPdb" hash="4C-84-C0-4F-21-B8-48-40-DF-A7-9C-3A-DD-48-86-5C-CA-67-D2-02">
      <FullName>C:\Users\Gerolkae\AppData\Local\Temp\nunit20\ShadowCopyCache\6572_635996278066276094\Tests_10938843\assembly\dl3\db959399\00d7a0ce_559ad101\nunit.framework.dll</FullName>
      <ModuleName>nunit.framework</ModuleName>
      <Classes />
    </Module>
    <Module skippedDueTo="Filter" hash="10-85-0A-83-78-B0-AD-8C-24-6C-3E-B7-06-61-DF-09-FC-D6-3F-29">
      <FullName>C:\Windows\Microsoft.Net\assembly\GAC_MSIL\Microsoft.VisualBasic\v4.0_10.0.0.0__b03f5f7f11d50a3a\Microsoft.VisualBasic.dll</FullName>
      <ModuleName>Microsoft.VisualBasic</ModuleName>
      <Classes />
    </Module>
    <Module skippedDueTo="Filter" hash="9C-DB-95-DC-25-D5-38-7E-C2-3A-20-8F-14-5D-A9-56-2A-D7-00-E3">
      <FullName>C:\Windows\Microsoft.Net\assembly\GAC_MSIL\System.Configuration\v4.0_4.0.0.0__b03f5f7f11d50a3a\System.Configuration.dll</FullName>
      <ModuleName>System.Configuration</ModuleName>
      <Classes />
    </Module>
  </Modules>
</CoverageSession>